[2018-03-13 13:54:01.940][debug][command:null][tid:73][com.facebook.buck.cli.Main] Starting up (build date 2017-11-17 01:34:27 +0100, rev v2017.11.16.01), args: [build, app]
[2018-03-13 13:54:01.946][debug][command:null][tid:73][com.facebook.buck.cli.Main] System properties: {java.vendor=Oracle Corporation, sun.java.launcher=SUN_STANDARD, sun.management.compiler=HotSpot 64-Bit Tiered Compilers, jnidispatch.path=/Users/guirassy/Desktop/Projects/Projet_Annuel/FlashLove_Android/FlashLove/.buckd/tmp/buck_run.fIY_IG/jna--1301067473/jna4717412190864967782.tmp, os.name=Mac OS X, buck.enable_objc=true, sun.boot.class.path=/Library/Java/JavaVirtualMachines/jdk1.8.0_144.jdk/Contents/Home/jre/lib/resources.jar:/Library/Java/JavaVirtualMachines/jdk1.8.0_144.jdk/Contents/Home/jre/lib/rt.jar:/Library/Java/JavaVirtualMachines/jdk1.8.0_144.jdk/Contents/Home/jre/lib/sunrsasign.jar:/Library/Java/JavaVirtualMachines/jdk1.8.0_144.jdk/Contents/Home/jre/lib/jsse.jar:/Library/Java/JavaVirtualMachines/jdk1.8.0_144.jdk/Contents/Home/jre/lib/jce.jar:/Library/Java/JavaVirtualMachines/jdk1.8.0_144.jdk/Contents/Home/jre/lib/charsets.jar:/Library/Java/JavaVirtualMachines/jdk1.8.0_144.jdk/Contents/Home/jre/lib/jfr.jar:/Library/Java/JavaVirtualMachines/jdk1.8.0_144.jdk/Contents/Home/jre/classes, pf4j.pluginsDir=/Users/guirassy/Desktop/Projects/Projet_Annuel/FlashLove_Android/FlashLove/.buckd/resources/v2017.11.16.01/buck-modules, buck.resource_lock_path=/Users/guirassy/Desktop/Projects/Projet_Annuel/FlashLove_Android/FlashLove/.buckd/resources/v2017.11.16.01/.buck_lock, java.vm.specification.vendor=Oracle Corporation, java.runtime.version=1.8.0_144-b01, jna.loaded=true, buck.testrunner_classes=/Users/guirassy/Desktop/Projects/Projet_Annuel/FlashLove_Android/FlashLove/.buckd/resources/v2017.11.16.01/testrunner_classes, buck.logging_config_file=/Users/guirassy/Desktop/Projects/Projet_Annuel/FlashLove_Android/FlashLove/.buckd/resources/v2017.11.16.01/logging_config_file, buck.path_to_sh_binary_template=/Users/guirassy/Desktop/Projects/Projet_Annuel/FlashLove_Android/FlashLove/.buckd/resources/v2017.11.16.01/path_to_sh_binary_template, user.name=guirassy, buck.path_to_pywatchman=/Users/guirassy/Desktop/Projects/Projet_Annuel/FlashLove_Android/FlashLove/.buckd/resources/v2017.11.16.01/path_to_pywatchman, buck.report_generator_jar=/Users/guirassy/Desktop/Projects/Projet_Annuel/FlashLove_Android/FlashLove/.buckd/resources/v2017.11.16.01/report_generator_jar, buck.git_commit=v2017.11.16.01, user.language=fr, sun.boot.library.path=/Library/Java/JavaVirtualMachines/jdk1.8.0_144.jdk/Contents/Home/jre/lib, java.version=1.8.0_144, user.timezone=Europe/Paris, buck.test_util_no_tests_dir=true, sun.arch.data.model=64, java.endorsed.dirs=/Library/Java/JavaVirtualMachines/jdk1.8.0_144.jdk/Contents/Home/jre/lib/endorsed, sun.cpu.isalist=, sun.jnu.encoding=UTF-8, file.encoding.pkg=sun.io, file.separator=/, java.specification.name=Java Platform API Specification, buck.jacoco_agent_jar=/Users/guirassy/Desktop/Projects/Projet_Annuel/FlashLove_Android/FlashLove/.buckd/resources/v2017.11.16.01/jacoco_agent_jar, java.class.version=52.0, user.country=FR, buck.binary_hash=63c9781095d8ee3e98baa3f5efe2d99c, java.home=/Library/Java/JavaVirtualMachines/jdk1.8.0_144.jdk/Contents/Home/jre, buck.fix_script=/Users/guirassy/Desktop/Projects/Projet_Annuel/FlashLove_Android/FlashLove/.buckd/resources/v2017.11.16.01/fix_script, java.vm.info=mixed mode, os.version=10.13.2, buck.external_executor_jar=/Users/guirassy/Desktop/Projects/Projet_Annuel/FlashLove_Android/FlashLove/.buckd/resources/v2017.11.16.01/external_executor_jar, buck.version_uid=v2017.11.16.01, org.eclipse.jetty.util.log.class=org.eclipse.jetty.util.log.JavaUtilLog, path.separator=:, java.vm.version=25.144-b01, java.awt.printerjob=sun.lwawt.macosx.CPrinterJob, sun.io.unicode.encoding=UnicodeBig, awt.toolkit=sun.lwawt.macosx.LWCToolkit, buck.buck_build_type_info=/Users/guirassy/Desktop/Projects/Projet_Annuel/FlashLove_Android/FlashLove/.buckd/resources/v2017.11.16.01/buck_build_type_info, buck.dx=/Users/guirassy/Desktop/Projects/Projet_Annuel/FlashLove_Android/FlashLove/.buckd/resources/v2017.11.16.01/dx, buck.git_commit_timestamp=1510878867, user.home=/Users/guirassy, java.specification.vendor=Oracle Corporation, buck.git_dirty=0, java.library.path=/Users/guirassy/Desktop/Projects/Projet_Annuel/FlashLove_Android/FlashLove/.buckd/resources/v2017.11.16.01, java.vendor.url=http://java.oracle.com/, java.vm.vendor=Oracle Corporation, gopherProxySet=false, java.runtime.name=Java(TM) SE Runtime Environment, sun.java.command=com.facebook.buck.cli.bootstrapper.ClassLoaderBootstrapper com.facebook.buck.cli.Main$DaemonBootstrap local:.buckd/sock 120000, java.class.path=/Users/guirassy/Desktop/Projects/Projet_Annuel/FlashLove_Android/FlashLove/.buckd/resources/v2017.11.16.01/bootstrapper_jar, buck.buckd_dir=/Users/guirassy/Desktop/Projects/Projet_Annuel/FlashLove_Android/FlashLove/.buckd, buck.path_to_pathlib_py=/Users/guirassy/Desktop/Projects/Projet_Annuel/FlashLove_Android/FlashLove/.buckd/resources/v2017.11.16.01/pathlib.py, buck.buckd_launch_time_nanos=37219207706518, java.vm.specification.name=Java Virtual Machine Specification, com.martiansoftware.nailgun.NGServer.outputPath=/Users/guirassy/Desktop/Projects/Projet_Annuel/FlashLove_Android/FlashLove/.buckd/tmp/buck_run.fIY_IG/ngserver-out, java.vm.specification.version=1.8, sun.cpu.endian=little, buck.path_to_rawmanifest_py=/Users/guirassy/Desktop/Projects/Projet_Annuel/FlashLove_Android/FlashLove/.buckd/resources/v2017.11.16.01/rawmanifest.py, sun.os.patch.level=unknown, java.awt.headless=true, java.io.tmpdir=/Users/guirassy/Desktop/Projects/Projet_Annuel/FlashLove_Android/FlashLove/.buckd/tmp/buck_run.fIY_IG, buck.android_agent_path=/Users/guirassy/Desktop/Projects/Projet_Annuel/FlashLove_Android/FlashLove/.buckd/resources/v2017.11.16.01/android_agent_path, java.vendor.url.bug=http://bugreport.sun.com/bugreport/, buck.path_to_python_dsl=, jna.platform.library.path=/usr/lib:/usr/lib, os.arch=x86_64, java.awt.graphicsenv=sun.awt.CGraphicsEnvironment, buck.path_to_pex=/Users/guirassy/Desktop/Projects/Projet_Annuel/FlashLove_Android/FlashLove/.buckd/resources/v2017.11.16.01/path_to_pex, java.ext.dirs=/Users/guirassy/Library/Java/Extensions:/Library/Java/JavaVirtualMachines/jdk1.8.0_144.jdk/Contents/Home/jre/lib/ext:/Library/Java/Extensions:/Network/Library/Java/Extensions:/System/Library/Java/Extensions:/usr/lib/java, java.util.logging.config.class=com.facebook.buck.cli.bootstrapper.LogConfig, user.dir=/Users/guirassy/Desktop/Projects/Projet_Annuel/FlashLove_Android/FlashLove, line.separator=
, java.vm.name=Java HotSpot(TM) 64-Bit Server VM, buck.path_to_typing=/Users/guirassy/Desktop/Projects/Projet_Annuel/FlashLove_Android/FlashLove/.buckd/resources/v2017.11.16.01/path_to_typing, buck.native_exopackage_fake_path=/Users/guirassy/Desktop/Projects/Projet_Annuel/FlashLove_Android/FlashLove/.buckd/resources/v2017.11.16.01/native_exopackage_fake_path, file.encoding=UTF-8, java.specification.version=1.8}
[2018-03-13 13:54:01.946][info ][command:null][tid:73][org.pf4j.DefaultPluginStatusProvider] Enabled plugins: []
[2018-03-13 13:54:01.946][info ][command:null][tid:73][org.pf4j.DefaultPluginStatusProvider] Disabled plugins: []
[2018-03-13 13:54:01.946][info ][command:null][tid:73][org.pf4j.DefaultPluginManager] PF4J version 0.0.0 in 'deployment' mode
[2018-03-13 13:54:01.946][debug][command:null][tid:73][org.pf4j.AbstractPluginManager] Lookup plugins in '/Users/guirassy/Desktop/Projects/Projet_Annuel/FlashLove_Android/FlashLove/.buckd/resources/v2017.11.16.01/buck-modules'
[2018-03-13 13:54:01.947][debug][command:null][tid:73][org.pf4j.AbstractPluginManager] Found 1 possible plugins: [/Users/guirassy/Desktop/Projects/Projet_Annuel/FlashLove_Android/FlashLove/.buckd/resources/v2017.11.16.01/buck-modules/ziprules.jar]
[2018-03-13 13:54:01.947][debug][command:null][tid:73][org.pf4j.AbstractPluginManager] Use 'org.pf4j.CompoundPluginDescriptorFinder@389f0f2c' to find plugins descriptors
[2018-03-13 13:54:01.947][debug][command:null][tid:73][org.pf4j.AbstractPluginManager] Finding plugin descriptor for plugin '/Users/guirassy/Desktop/Projects/Projet_Annuel/FlashLove_Android/FlashLove/.buckd/resources/v2017.11.16.01/buck-modules/ziprules.jar'
[2018-03-13 13:54:01.947][debug][command:null][tid:73][org.pf4j.CompoundPluginDescriptorFinder] 'org.pf4j.ManifestPluginDescriptorFinder@4c74e7c2' is applicable for plugin '/Users/guirassy/Desktop/Projects/Projet_Annuel/FlashLove_Android/FlashLove/.buckd/resources/v2017.11.16.01/buck-modules/ziprules.jar'
[2018-03-13 13:54:01.947][debug][command:null][tid:73][org.pf4j.AbstractPluginManager] Found descriptor PluginDescriptor [pluginId=com.facebook.buck.zip.ziprules, pluginClass=com.facebook.buck.zip.rules.ZipRulesModuleAdapterPlugin, version=0.0.1, provider=null, dependencies=[], description=, requires=*, license=null]
[2018-03-13 13:54:01.947][debug][command:null][tid:73][org.pf4j.AbstractPluginManager] Class 'com.facebook.buck.zip.rules.ZipRulesModuleAdapterPlugin' for plugin '/Users/guirassy/Desktop/Projects/Projet_Annuel/FlashLove_Android/FlashLove/.buckd/resources/v2017.11.16.01/buck-modules/ziprules.jar'
[2018-03-13 13:54:01.947][debug][command:null][tid:73][org.pf4j.AbstractPluginManager] Loading plugin '/Users/guirassy/Desktop/Projects/Projet_Annuel/FlashLove_Android/FlashLove/.buckd/resources/v2017.11.16.01/buck-modules/ziprules.jar'
[2018-03-13 13:54:01.948][debug][command:null][tid:73][org.pf4j.PluginClassLoader] Add 'file:/Users/guirassy/Desktop/Projects/Projet_Annuel/FlashLove_Android/FlashLove/.buckd/resources/v2017.11.16.01/buck-modules/ziprules.jar'
[2018-03-13 13:54:01.948][debug][command:null][tid:73][org.pf4j.AbstractPluginManager] Loaded plugin '/Users/guirassy/Desktop/Projects/Projet_Annuel/FlashLove_Android/FlashLove/.buckd/resources/v2017.11.16.01/buck-modules/ziprules.jar' with class loader 'org.pf4j.PluginClassLoader@239b6649'
[2018-03-13 13:54:01.948][debug][command:null][tid:73][org.pf4j.AbstractPluginManager] Creating wrapper for plugin '/Users/guirassy/Desktop/Projects/Projet_Annuel/FlashLove_Android/FlashLove/.buckd/resources/v2017.11.16.01/buck-modules/ziprules.jar'
[2018-03-13 13:54:01.948][debug][command:null][tid:73][org.pf4j.AbstractPluginManager] Created wrapper 'PluginWrapper [descriptor=PluginDescriptor [pluginId=com.facebook.buck.zip.ziprules, pluginClass=com.facebook.buck.zip.rules.ZipRulesModuleAdapterPlugin, version=0.0.1, provider=null, dependencies=[], description=, requires=*, license=null], pluginPath=/Users/guirassy/Desktop/Projects/Projet_Annuel/FlashLove_Android/FlashLove/.buckd/resources/v2017.11.16.01/buck-modules/ziprules.jar]' for plugin '/Users/guirassy/Desktop/Projects/Projet_Annuel/FlashLove_Android/FlashLove/.buckd/resources/v2017.11.16.01/buck-modules/ziprules.jar'
[2018-03-13 13:54:01.948][debug][command:null][tid:73][org.pf4j.DependencyResolver] Graph: 
   com.facebook.buck.zip.ziprules -> []
[2018-03-13 13:54:01.948][debug][command:null][tid:73][org.pf4j.DependencyResolver] Plugins order: [com.facebook.buck.zip.ziprules]
[2018-03-13 13:54:01.948][info ][command:null][tid:73][org.pf4j.AbstractPluginManager] Plugin 'com.facebook.buck.zip.ziprules@0.0.1' resolved
[2018-03-13 13:54:01.948][info ][command:null][tid:73][org.pf4j.AbstractPluginManager] Start plugin 'com.facebook.buck.zip.ziprules@0.0.1'
[2018-03-13 13:54:01.948][debug][command:null][tid:73][org.pf4j.DefaultExtensionFactory] Create instance for plugin 'com.facebook.buck.zip.rules.ZipRulesModuleAdapterPlugin'
[2018-03-13 13:54:01.949][debug][command:null][tid:73][com.facebook.buck.util.config.Configs] Loading configuration for /Users/guirassy/Desktop/Projects/Projet_Annuel/FlashLove_Android/FlashLove
[2018-03-13 13:54:01.950][debug][command:null][tid:73][com.facebook.buck.util.config.Configs] Loaded a configuration file /Users/guirassy/Desktop/Projects/Projet_Annuel/FlashLove_Android/FlashLove/.buckconfig: {}
[2018-03-13 13:54:01.954][debug][command:null][tid:73][com.facebook.buck.util.config.Configs] Adding configuration overrides RawConfig{values={}}
[2018-03-13 13:54:01.955][debug][command:null][tid:73][com.facebook.buck.util.config.Configs] Loading configuration for /Users/guirassy/Desktop/Projects/Projet_Annuel/FlashLove_Android/FlashLove
[2018-03-13 13:54:01.955][debug][command:null][tid:73][com.facebook.buck.util.config.Configs] Loaded a configuration file /Users/guirassy/Desktop/Projects/Projet_Annuel/FlashLove_Android/FlashLove/.buckconfig: {}
[2018-03-13 13:54:01.955][debug][command:null][tid:73][com.facebook.buck.util.config.Configs] Adding configuration overrides RawConfig{values={}}
[2018-03-13 13:54:01.969][debug][command:null][tid:73][com.facebook.buck.apple.AppleToolchainDiscovery] Searching for Xcode toolchains under /Applications/Xcode.app/Contents/Developer/Toolchains
[2018-03-13 13:54:01.969][debug][command:null][tid:73][com.facebook.buck.apple.AppleToolchainDiscovery] Searching for Xcode toolchains in /Applications/Xcode.app/Contents/Developer/Toolchains
[2018-03-13 13:54:01.970][debug][command:null][tid:73][com.facebook.buck.apple.AppleToolchainDiscovery] Getting identifier for for Xcode toolchain under /Applications/Xcode.app/Contents/Developer/Toolchains/XcodeDefault.xctoolchain
[2018-03-13 13:54:01.970][debug][command:null][tid:73][com.facebook.buck.apple.AppleToolchainDiscovery] Mapped SDK identifier com.apple.dt.toolchain.XcodeDefault to path /Applications/Xcode.app/Contents/Developer/Toolchains/XcodeDefault.xctoolchain
[2018-03-13 13:54:01.970][debug][command:null][tid:73][com.facebook.buck.apple.AppleSdkDiscovery] Searching for Xcode platforms under /Applications/Xcode.app/Contents/Developer/Platforms
[2018-03-13 13:54:01.970][debug][command:null][tid:73][com.facebook.buck.apple.AppleSdkDiscovery] Searching for Xcode SDKs in /Applications/Xcode.app/Contents/Developer/Platforms
[2018-03-13 13:54:01.970][debug][command:null][tid:73][com.facebook.buck.apple.AppleSdkDiscovery] Fetching SDK name for /Applications/Xcode.app/Contents/Developer/Platforms/AppleTVOS.platform/Developer/SDKs/AppleTVOS11.2.sdk
[2018-03-13 13:54:01.971][debug][command:null][tid:73][com.facebook.buck.apple.AppleSdkDiscovery] Found SDK AppleSdk{name=appletvos11.2, version=11.2, applePlatform=ApplePlatform{name=appletvos, provisioningProfileName=tvOS, architectures=[arm64], minVersionFlagPrefix=-mtvos-version-min=, appIncludesFrameworks=false}, architectures=[arm64], toolchains=[AppleToolchain{identifier=com.apple.dt.toolchain.XcodeDefault, path=/Applications/Xcode.app/Contents/Developer/Toolchains/XcodeDefault.xctoolchain}]}
[2018-03-13 13:54:01.971][debug][command:null][tid:73][com.facebook.buck.apple.AppleSdkDiscovery] Fetching SDK name for /Applications/Xcode.app/Contents/Developer/Platforms/AppleTVOS.platform/Developer/SDKs/AppleTVOS.sdk
[2018-03-13 13:54:01.971][debug][command:null][tid:73][com.facebook.buck.apple.AppleSdkDiscovery] Skipping already scanned SDK directory /Applications/Xcode.app/Contents/Developer/Platforms/AppleTVOS.platform/Developer/SDKs/AppleTVOS.sdk
[2018-03-13 13:54:01.972][debug][command:null][tid:73][com.facebook.buck.apple.AppleSdkDiscovery] Fetching SDK name for /Applications/Xcode.app/Contents/Developer/Platforms/iPhoneOS.platform/Developer/SDKs/iPhoneOS.sdk
[2018-03-13 13:54:01.972][debug][command:null][tid:73][com.facebook.buck.apple.AppleSdkDiscovery] Found SDK AppleSdk{name=iphoneos11.2, version=11.2, applePlatform=ApplePlatform{name=iphoneos, swiftName=ios, provisioningProfileName=iOS, architectures=[armv7, arm64], minVersionFlagPrefix=-mios-version-min=, stubBinaryPath=Library/Application Support/WatchKit/WK, appIncludesFrameworks=false}, architectures=[armv7, arm64], toolchains=[AppleToolchain{identifier=com.apple.dt.toolchain.XcodeDefault, path=/Applications/Xcode.app/Contents/Developer/Toolchains/XcodeDefault.xctoolchain}]}
[2018-03-13 13:54:01.972][debug][command:null][tid:73][com.facebook.buck.apple.AppleSdkDiscovery] Fetching SDK name for /Applications/Xcode.app/Contents/Developer/Platforms/iPhoneOS.platform/Developer/SDKs/iPhoneOS11.2.sdk
[2018-03-13 13:54:01.973][debug][command:null][tid:73][com.facebook.buck.apple.AppleSdkDiscovery] Skipping already scanned SDK directory /Applications/Xcode.app/Contents/Developer/Platforms/iPhoneOS.platform/Developer/SDKs/iPhoneOS.sdk
[2018-03-13 13:54:01.973][debug][command:null][tid:73][com.facebook.buck.apple.AppleSdkDiscovery] Fetching SDK name for /Applications/Xcode.app/Contents/Developer/Platforms/WatchOS.platform/Developer/SDKs/WatchOS4.2.sdk
[2018-03-13 13:54:01.973][debug][command:null][tid:73][com.facebook.buck.apple.AppleSdkDiscovery] Found SDK AppleSdk{name=watchos4.2, version=4.2, applePlatform=ApplePlatform{name=watchos, provisioningProfileName=iOS, architectures=[armv7k], minVersionFlagPrefix=-mwatchos-version-min=, stubBinaryPath=Library/Application Support/WatchKit/WK, appIncludesFrameworks=false}, architectures=[armv7k], toolchains=[AppleToolchain{identifier=com.apple.dt.toolchain.XcodeDefault, path=/Applications/Xcode.app/Contents/Developer/Toolchains/XcodeDefault.xctoolchain}]}
[2018-03-13 13:54:01.974][debug][command:null][tid:73][com.facebook.buck.apple.AppleSdkDiscovery] Fetching SDK name for /Applications/Xcode.app/Contents/Developer/Platforms/WatchOS.platform/Developer/SDKs/WatchOS.sdk
[2018-03-13 13:54:01.974][debug][command:null][tid:73][com.facebook.buck.apple.AppleSdkDiscovery] Skipping already scanned SDK directory /Applications/Xcode.app/Contents/Developer/Platforms/WatchOS.platform/Developer/SDKs/WatchOS.sdk
[2018-03-13 13:54:01.974][debug][command:null][tid:73][com.facebook.buck.apple.AppleSdkDiscovery] Fetching SDK name for /Applications/Xcode.app/Contents/Developer/Platforms/MacOSX.platform/Developer/SDKs/MacOSX10.13.sdk
[2018-03-13 13:54:01.977][debug][command:null][tid:73][com.facebook.buck.apple.AppleSdkDiscovery] Found SDK AppleSdk{name=macosx10.13, version=10.13, applePlatform=ApplePlatform{name=macosx, architectures=[i386, x86_64], minVersionFlagPrefix=-mmacosx-version-min=, appIncludesFrameworks=true}, architectures=[i386, x86_64], toolchains=[AppleToolchain{identifier=com.apple.dt.toolchain.XcodeDefault, path=/Applications/Xcode.app/Contents/Developer/Toolchains/XcodeDefault.xctoolchain}]}
[2018-03-13 13:54:01.977][debug][command:null][tid:73][com.facebook.buck.apple.AppleSdkDiscovery] Fetching SDK name for /Applications/Xcode.app/Contents/Developer/Platforms/MacOSX.platform/Developer/SDKs/MacOSX.sdk
[2018-03-13 13:54:01.977][debug][command:null][tid:73][com.facebook.buck.apple.AppleSdkDiscovery] Skipping already scanned SDK directory /Applications/Xcode.app/Contents/Developer/Platforms/MacOSX.platform/Developer/SDKs/MacOSX.sdk
[2018-03-13 13:54:01.977][debug][command:null][tid:73][com.facebook.buck.apple.AppleSdkDiscovery] Fetching SDK name for /Applications/Xcode.app/Contents/Developer/Platforms/WatchSimulator.platform/Developer/SDKs/WatchSimulator4.2.sdk
[2018-03-13 13:54:01.978][debug][command:null][tid:73][com.facebook.buck.apple.AppleSdkDiscovery] Found SDK AppleSdk{name=watchsimulator4.2, version=4.2, applePlatform=ApplePlatform{name=watchsimulator, architectures=[i386], minVersionFlagPrefix=-mwatchos-simulator-version-min=, stubBinaryPath=Library/Application Support/WatchKit/WK, appIncludesFrameworks=false}, architectures=[i386], toolchains=[AppleToolchain{identifier=com.apple.dt.toolchain.XcodeDefault, path=/Applications/Xcode.app/Contents/Developer/Toolchains/XcodeDefault.xctoolchain}]}
[2018-03-13 13:54:01.978][debug][command:null][tid:73][com.facebook.buck.apple.AppleSdkDiscovery] Fetching SDK name for /Applications/Xcode.app/Contents/Developer/Platforms/WatchSimulator.platform/Developer/SDKs/WatchSimulator.sdk
[2018-03-13 13:54:01.978][debug][command:null][tid:73][com.facebook.buck.apple.AppleSdkDiscovery] Skipping already scanned SDK directory /Applications/Xcode.app/Contents/Developer/Platforms/WatchSimulator.platform/Developer/SDKs/WatchSimulator.sdk
[2018-03-13 13:54:01.978][debug][command:null][tid:73][com.facebook.buck.apple.AppleSdkDiscovery] Fetching SDK name for /Applications/Xcode.app/Contents/Developer/Platforms/AppleTVSimulator.platform/Developer/SDKs/AppleTVSimulator.sdk
[2018-03-13 13:54:01.979][debug][command:null][tid:73][com.facebook.buck.apple.AppleSdkDiscovery] Found SDK AppleSdk{name=appletvsimulator11.2, version=11.2, applePlatform=ApplePlatform{name=appletvsimulator, swiftName=tvos, architectures=[x86_64], minVersionFlagPrefix=-mtvos-simulator-version-min=, appIncludesFrameworks=false}, architectures=[x86_64], toolchains=[AppleToolchain{identifier=com.apple.dt.toolchain.XcodeDefault, path=/Applications/Xcode.app/Contents/Developer/Toolchains/XcodeDefault.xctoolchain}]}
[2018-03-13 13:54:01.979][debug][command:null][tid:73][com.facebook.buck.apple.AppleSdkDiscovery] Fetching SDK name for /Applications/Xcode.app/Contents/Developer/Platforms/AppleTVSimulator.platform/Developer/SDKs/AppleTVSimulator11.2.sdk
[2018-03-13 13:54:01.979][debug][command:null][tid:73][com.facebook.buck.apple.AppleSdkDiscovery] Skipping already scanned SDK directory /Applications/Xcode.app/Contents/Developer/Platforms/AppleTVSimulator.platform/Developer/SDKs/AppleTVSimulator.sdk
[2018-03-13 13:54:01.979][debug][command:null][tid:73][com.facebook.buck.apple.AppleSdkDiscovery] Fetching SDK name for /Applications/Xcode.app/Contents/Developer/Platforms/iPhoneSimulator.platform/Developer/SDKs/iPhoneSimulator.sdk
[2018-03-13 13:54:01.980][debug][command:null][tid:73][com.facebook.buck.apple.AppleSdkDiscovery] Found SDK AppleSdk{name=iphonesimulator11.2, version=11.2, applePlatform=ApplePlatform{name=iphonesimulator, swiftName=ios, architectures=[i386, x86_64], minVersionFlagPrefix=-mios-simulator-version-min=, stubBinaryPath=Library/Application Support/WatchKit/WK, appIncludesFrameworks=false}, architectures=[i386, x86_64], toolchains=[AppleToolchain{identifier=com.apple.dt.toolchain.XcodeDefault, path=/Applications/Xcode.app/Contents/Developer/Toolchains/XcodeDefault.xctoolchain}]}
[2018-03-13 13:54:01.980][debug][command:null][tid:73][com.facebook.buck.apple.AppleSdkDiscovery] Fetching SDK name for /Applications/Xcode.app/Contents/Developer/Platforms/iPhoneSimulator.platform/Developer/SDKs/iPhoneSimulator11.2.sdk
[2018-03-13 13:54:01.980][debug][command:null][tid:73][com.facebook.buck.apple.AppleSdkDiscovery] Skipping already scanned SDK directory /Applications/Xcode.app/Contents/Developer/Platforms/iPhoneSimulator.platform/Developer/SDKs/iPhoneSimulator.sdk
[2018-03-13 13:54:01.981][info ][command:null][tid:73][com.facebook.buck.io.Watchman] Creating for: [/Users/guirassy/Desktop/Projects/Projet_Annuel/FlashLove_Android/FlashLove]
[2018-03-13 13:54:01.982][debug][command:null][tid:73][com.facebook.buck.io.ExecutableFinder] Executable 'watchman' mapped to 'Optional[/usr/local/bin/watchman]'
[2018-03-13 13:54:01.982][debug][command:null][tid:73][com.facebook.buck.util.ListeningProcessExecutor] Launching process with params ProcessExecutorParams{command=[/usr/local/bin/watchman, --output-encoding=bser, get-sockname]}
[2018-03-13 13:54:01.983][debug][command:null][tid:73][com.facebook.buck.util.ListeningProcessExecutor] Successfully launched process com.zaxxer.nuprocess.osx.OsxProcess@776a9877
[2018-03-13 13:54:01.983][debug][command:null][tid:73][com.facebook.buck.util.ListeningProcessExecutor] Waiting for process com.facebook.buck.util.ListeningProcessExecutor$LaunchedProcessImpl@76871949 timeout 1000000000 NANOSECONDS
[2018-03-13 13:54:01.996][debug][command:null][tid:73][com.facebook.buck.util.ListeningProcessExecutor] Wait for process returned 0
[2018-03-13 13:54:01.996][debug][command:null][tid:73][com.facebook.buck.io.Watchman] Waited 12 ms for Watchman command get-sockname, exit code 0
[2018-03-13 13:54:01.997][debug][command:null][tid:73][com.facebook.buck.io.Watchman] stdout of command: {sockname=/usr/local/var/run/watchman/guirassy-state/sock, version=4.9.0}
[2018-03-13 13:54:01.997][info ][command:null][tid:73][com.facebook.buck.io.Watchman] Connecting to Watchman version 4.9.0 at /usr/local/var/run/watchman/guirassy-state/sock
[2018-03-13 13:54:02.001][debug][command:null][tid:73][com.facebook.buck.io.Watchman] Connected to Watchman
[2018-03-13 13:54:02.002][debug][command:null][tid:82][com.facebook.buck.io.WatchmanTransportClient] Sending query: [version, {required=[cmd-watch-project], optional=[term-dirname, cmd-watch-project, wildmatch, wildmatch_multislash, glob_generator, clock-sync-timeout]}]
[2018-03-13 13:54:02.003][debug][command:null][tid:73][com.facebook.buck.io.WatchmanTransportClient] Query [version, {required=[cmd-watch-project], optional=[term-dirname, cmd-watch-project, wildmatch, wildmatch_multislash, glob_generator, clock-sync-timeout]}] returned in 1 ms
[2018-03-13 13:54:02.003][info ][command:null][tid:73][com.facebook.buck.io.Watchman] Took 1 ms to query capabilities {term-dirname=DIRNAME, cmd-watch-project=SUPPORTS_PROJECT_WATCH, wildmatch=WILDMATCH_GLOB, wildmatch_multislash=WILDMATCH_MULTISLASH, glob_generator=GLOB_GENERATOR, clock-sync-timeout=CLOCK_SYNC_TIMEOUT}
[2018-03-13 13:54:02.003][debug][command:null][tid:73][com.facebook.buck.io.Watchman] Got capabilities response: {clock-sync-timeout=true, glob_generator=true, wildmatch_multislash=false, cmd-watch-project=true, wildmatch=true, term-dirname=true}
[2018-03-13 13:54:02.003][debug][command:null][tid:73][com.facebook.buck.io.Watchman] Got Watchman capabilities: [CLOCK_SYNC_TIMEOUT, GLOB_GENERATOR, SUPPORTS_PROJECT_WATCH, WILDMATCH_GLOB, DIRNAME]
[2018-03-13 13:54:02.003][info ][command:null][tid:73][com.facebook.buck.io.Watchman] Adding watchman root: /Users/guirassy/Desktop/Projects/Projet_Annuel/FlashLove_Android/FlashLove
[2018-03-13 13:54:02.004][debug][command:null][tid:82][com.facebook.buck.io.WatchmanTransportClient] Sending query: [watch-project, /Users/guirassy/Desktop/Projects/Projet_Annuel/FlashLove_Android/FlashLove]
[2018-03-13 13:54:02.004][debug][command:null][tid:73][com.facebook.buck.io.WatchmanTransportClient] Query [watch-project, /Users/guirassy/Desktop/Projects/Projet_Annuel/FlashLove_Android/FlashLove] returned in 0 ms
[2018-03-13 13:54:02.004][debug][command:null][tid:82][com.facebook.buck.io.WatchmanTransportClient] Sending query: [watch-project, /Users/guirassy/Desktop/Projects/Projet_Annuel/FlashLove_Android/FlashLove]
[2018-03-13 13:54:02.005][debug][command:null][tid:73][com.facebook.buck.io.WatchmanTransportClient] Query [watch-project, /Users/guirassy/Desktop/Projects/Projet_Annuel/FlashLove_Android/FlashLove] returned in 0 ms
[2018-03-13 13:54:02.005][info ][command:null][tid:73][com.facebook.buck.io.Watchman] Took 1 ms to add root /Users/guirassy/Desktop/Projects/Projet_Annuel/FlashLove_Android/FlashLove
[2018-03-13 13:54:02.005][debug][command:null][tid:82][com.facebook.buck.io.WatchmanTransportClient] Sending query: [clock, /Users/guirassy/Desktop/Projects/Projet_Annuel/FlashLove_Android/FlashLove, {sync_timeout=100}]
[2018-03-13 13:54:02.017][debug][command:null][tid:73][com.facebook.buck.io.WatchmanTransportClient] Query [clock, /Users/guirassy/Desktop/Projects/Projet_Annuel/FlashLove_Android/FlashLove, {sync_timeout=100}] returned in 12 ms
[2018-03-13 13:54:02.018][info ][command:null][tid:73][com.facebook.buck.io.Watchman] Took 12 ms to query for initial clock id Optional[c:1520945622:21930:1:26]
[2018-03-13 13:54:02.018][debug][command:null][tid:73][com.facebook.buck.cli.Main] Watchman capabilities: [CLOCK_SYNC_TIMEOUT, GLOB_GENERATOR, SUPPORTS_PROJECT_WATCH, WILDMATCH_GLOB, DIRNAME] Project watches: {/Users/guirassy/Desktop/Projects/Projet_Annuel/FlashLove_Android/FlashLove=ProjectWatch{watchRoot=/Users/guirassy/Desktop/Projects/Projet_Annuel/FlashLove_Android/FlashLove}} Glob handler config: PYTHON Query timeout ms config: Optional.empty
[2018-03-13 13:54:02.024][debug][command:107f14a0-02c7-4d18-9f54-dc944338e365][tid:73][com.facebook.buck.event.listener.SuperConsoleEventBusListener] Starting render scheduler (interval 100 ms)
[2018-03-13 13:54:02.024][debug][command:107f14a0-02c7-4d18-9f54-dc944338e365][tid:73][com.google.common.util.concurrent.ServiceManager] Starting PerfStatsTracking [RUNNING].
[2018-03-13 13:54:02.025][debug][command:107f14a0-02c7-4d18-9f54-dc944338e365][tid:73][com.google.common.util.concurrent.ServiceManager] Started PerfStatsTracking [RUNNING] in 722.9 Î¼s.
[2018-03-13 13:54:02.025][debug][command:107f14a0-02c7-4d18-9f54-dc944338e365][tid:73][com.google.common.util.concurrent.ServiceManager] Starting ProcessTracker [STARTING].
[2018-03-13 13:54:02.026][debug][command:107f14a0-02c7-4d18-9f54-dc944338e365][tid:73][com.facebook.buck.cli.Main] InvocationInfo BuildId=[107f14a0-02c7-4d18-9f54-dc944338e365] Args=[build, app]
[2018-03-13 13:54:02.026][debug][command:null][tid:87][com.facebook.buck.util.perf.ProcessTracker] startUp
[2018-03-13 13:54:02.026][debug][command:107f14a0-02c7-4d18-9f54-dc944338e365][tid:73][com.facebook.buck.util.environment.MacWifiSsidFinder] Getting current SSID..
[2018-03-13 13:54:02.027][debug][command:107f14a0-02c7-4d18-9f54-dc944338e365][tid:73][com.facebook.buck.util.environment.MacWifiSsidFinder] Getting SSID from Wi-Fi interface: <CWInterface: 0x7fb3e6e02560> [interfaceName=en0]
[2018-03-13 13:54:02.028][debug][command:null][tid:87][com.google.common.util.concurrent.ServiceManager] Started ProcessTracker [RUNNING] in 2.608 ms.
[2018-03-13 13:54:02.028][debug][command:107f14a0-02c7-4d18-9f54-dc944338e365][tid:73][com.facebook.buck.util.environment.MacWifiSsidFinder] No SSID found for interface <CWInterface: 0x7fb3e6e02560> [interfaceName=en0].
[2018-03-13 13:54:02.036][warn ][command:null][tid:90][com.facebook.buck.event.listener.PublicAnnouncementManager] Failed to get public announcements. Reason: Failed to establish connection to server.
[2018-03-13 13:54:02.036][info ][command:null][tid:91][com.facebook.buck.util.versioncontrol.VersionControlStatsGenerator] Starting generation of version control stats.
[2018-03-13 13:54:02.037][debug][command:null][tid:91][com.facebook.buck.util.versioncontrol.VersionControlCmdLineInterface] Executing command: hg log -l 1 --template {node|short}
[2018-03-13 13:54:02.038][debug][command:107f14a0-02c7-4d18-9f54-dc944338e365][tid:73][com.facebook.buck.parser.Parser] com.facebook.buck.event.DefaultBuckEventBus@32898aad
[2018-03-13 13:54:02.038][debug][command:null][tid:82][com.facebook.buck.io.WatchmanTransportClient] Sending query: [query, /Users/guirassy/Desktop/Projects/Projet_Annuel/FlashLove_Android/FlashLove, {since=c:1520945622:21930:1:20, expression=[not, [anyof, [type, d], [dirname, .idea], [dirname, .buckd], [dirname, buck-out/cache], [dirname, buck-out/.trash], [dirname, buck-out], [match, **/*.pbxproj, wholename, {includedotfiles=true}], [match, **/*.xcscheme, wholename, {includedotfiles=true}], [match, **/*.xcworkspacedata, wholename, {includedotfiles=true}], [match, **/*~, wholename, {includedotfiles=true}], [match, **/#*#, wholename, {includedotfiles=true}], [match, **/.#*, wholename, {includedotfiles=true}], [match, **/*.swo, wholename, {includedotfiles=true}], [match, **/*.swp, wholename, {includedotfiles=true}], [match, **/*.swpx, wholename, {includedotfiles=true}], [match, **/*.un~, wholename, {includedotfiles=true}], [match, **/.netrhwist, wholename, {includedotfiles=true}], [match, .idea, wholename, {includedotfiles=true}], [match, .iml, wholename, {includedotfiles=true}], [match, **/*.pydevproject, wholename, {includedotfiles=true}], [match, .project, wholename, {includedotfiles=true}], [match, .metadata, wholename, {includedotfiles=true}], [match, **/*.tmp, wholename, {includedotfiles=true}], [match, **/*.bak, wholename, {includedotfiles=true}], [match, **/*~.nib, wholename, {includedotfiles=true}], [match, .classpath, wholename, {includedotfiles=true}], [match, .settings, wholename, {includedotfiles=true}], [match, .loadpath, wholename, {includedotfiles=true}], [match, .externalToolBuilders, wholename, {includedotfiles=true}], [match, .cproject, wholename, {includedotfiles=true}], [match, .buildpath, wholename, {includedotfiles=true}], [match, .DS_Store, wholename, {includedotfiles=true}], [match, .AppleDouble, wholename, {includedotfiles=true}], [match, .LSOverride, wholename, {includedotfiles=true}], [match, .Spotlight-V100, wholename, {includedotfiles=true}], [match, .Trashes, wholename, {includedotfiles=true}], [match, $RECYCLE.BIN, wholename, {includedotfiles=true}], [match, .*.sublime-workspace, wholename, {includedotfiles=true}]]], empty_on_fresh_instance=true, fields=[name, exists, new]}]
[2018-03-13 13:54:02.044][warn ][command:null][tid:91][com.facebook.buck.util.versioncontrol.DelegatingVersionControlCmdLineInterface] Mercurial is the only VCS supported for VCS stats generation, however current project (which has enabled VCS stats generation in its .buckconfig) does not appear to be a Mercurial repository: 
com.facebook.buck.util.versioncontrol.VersionControlCommandFailedException: java.io.IOException: Cannot run program "hg" (in directory "/Users/guirassy/Desktop/Projects/Projet_Annuel/FlashLove_Android/FlashLove"): error=2, No such file or directory
[2018-03-13 13:54:02.044][debug][command:null][tid:91][com.facebook.buck.util.versioncontrol.DelegatingVersionControlCmdLineInterface] Using NoOpCmdLineInterface.
[2018-03-13 13:54:02.044][warn ][command:null][tid:91][com.facebook.buck.util.versioncontrol.VersionControlStatsGenerator] Skipping generation of version control stats as unsupported repository type.
[2018-03-13 13:54:02.044][debug][command:null][tid:91][com.facebook.buck.util.environment.MacNetworkConfiguration] Determine network service order and extract device names
[2018-03-13 13:54:02.046][debug][command:null][tid:91][com.facebook.buck.util.ListeningProcessExecutor] Launching process with params ProcessExecutorParams{command=[networksetup, -listnetworkserviceorder, ]}
[2018-03-13 13:54:02.051][debug][command:107f14a0-02c7-4d18-9f54-dc944338e365][tid:73][com.facebook.buck.io.WatchmanTransportClient] Query [query, /Users/guirassy/Desktop/Projects/Projet_Annuel/FlashLove_Android/FlashLove, {since=c:1520945622:21930:1:20, expression=[not, [anyof, [type, d], [dirname, .idea], [dirname, .buckd], [dirname, buck-out/cache], [dirname, buck-out/.trash], [dirname, buck-out], [match, **/*.pbxproj, wholename, {includedotfiles=true}], [match, **/*.xcscheme, wholename, {includedotfiles=true}], [match, **/*.xcworkspacedata, wholename, {includedotfiles=true}], [match, **/*~, wholename, {includedotfiles=true}], [match, **/#*#, wholename, {includedotfiles=true}], [match, **/.#*, wholename, {includedotfiles=true}], [match, **/*.swo, wholename, {includedotfiles=true}], [match, **/*.swp, wholename, {includedotfiles=true}], [match, **/*.swpx, wholename, {includedotfiles=true}], [match, **/*.un~, wholename, {includedotfiles=true}], [match, **/.netrhwist, wholename, {includedotfiles=true}], [match, .idea, wholename, {includedotfiles=true}], [match, .iml, wholename, {includedotfiles=true}], [match, **/*.pydevproject, wholename, {includedotfiles=true}], [match, .project, wholename, {includedotfiles=true}], [match, .metadata, wholename, {includedotfiles=true}], [match, **/*.tmp, wholename, {includedotfiles=true}], [match, **/*.bak, wholename, {includedotfiles=true}], [match, **/*~.nib, wholename, {includedotfiles=true}], [match, .classpath, wholename, {includedotfiles=true}], [match, .settings, wholename, {includedotfiles=true}], [match, .loadpath, wholename, {includedotfiles=true}], [match, .externalToolBuilders, wholename, {includedotfiles=true}], [match, .cproject, wholename, {includedotfiles=true}], [match, .buildpath, wholename, {includedotfiles=true}], [match, .DS_Store, wholename, {includedotfiles=true}], [match, .AppleDouble, wholename, {includedotfiles=true}], [match, .LSOverride, wholename, {includedotfiles=true}], [match, .Spotlight-V100, wholename, {includedotfiles=true}], [match, .Trashes, wholename, {includedotfiles=true}], [match, $RECYCLE.BIN, wholename, {includedotfiles=true}], [match, .*.sublime-workspace, wholename, {includedotfiles=true}]]], empty_on_fresh_instance=true, fields=[name, exists, new]}] returned in 12 ms
[2018-03-13 13:54:02.051][debug][command:107f14a0-02c7-4d18-9f54-dc944338e365][tid:73][com.facebook.buck.io.WatchmanWatcher] Updating Watchman Cursor from c:1520945622:21930:1:20 to c:1520945622:21930:1:29
[2018-03-13 13:54:02.051][debug][command:107f14a0-02c7-4d18-9f54-dc944338e365][tid:73][com.facebook.buck.io.WatchmanWatcher] Posted 0 Watchman events.
[2018-03-13 13:54:02.051][debug][command:null][tid:91][com.facebook.buck.util.ListeningProcessExecutor] Successfully launched process com.zaxxer.nuprocess.osx.OsxProcess@681d00ba
[2018-03-13 13:54:02.053][debug][command:null][tid:91][com.facebook.buck.util.ListeningProcessExecutor] Waiting for process com.facebook.buck.util.ListeningProcessExecutor$LaunchedProcessImpl@6c228961 timeout 1000 MILLISECONDS
[2018-03-13 13:54:02.054][info ][command:107f14a0-02c7-4d18-9f54-dc944338e365][tid:92][com.facebook.buck.event.listener.LoggingBuildListener] Build started at 2018-03-13 13:54:02.054
[2018-03-13 13:54:02.097][debug][command:null][tid:91][com.facebook.buck.util.ListeningProcessExecutor] Wait for process returned 0
[2018-03-13 13:54:02.098][debug][command:null][tid:91][com.facebook.buck.util.ListeningProcessExecutor] Destroying process com.facebook.buck.util.ListeningProcessExecutor$LaunchedProcessImpl@6c228961 (force true)
[2018-03-13 13:54:02.098][debug][command:null][tid:91][com.facebook.buck.util.environment.MacNetworkConfiguration] Determine active state of media for device
[2018-03-13 13:54:02.099][debug][command:null][tid:91][com.facebook.buck.util.ListeningProcessExecutor] Launching process with params ProcessExecutorParams{command=[networksetup, -getMedia, wchusbserial1410]}
[2018-03-13 13:54:02.101][debug][command:null][tid:91][com.facebook.buck.util.ListeningProcessExecutor] Successfully launched process com.zaxxer.nuprocess.osx.OsxProcess@29200a81
[2018-03-13 13:54:02.103][debug][command:null][tid:91][com.facebook.buck.util.ListeningProcessExecutor] Waiting for process com.facebook.buck.util.ListeningProcessExecutor$LaunchedProcessImpl@18dbafde timeout 1000 MILLISECONDS
[2018-03-13 13:54:02.114][warn ][command:107f14a0-02c7-4d18-9f54-dc944338e365][tid:73][com.facebook.buck.util.Console] Build failure: No build file at app/BUCK when resolving target //app:app.
[2018-03-13 13:54:02.115][info ][command:107f14a0-02c7-4d18-9f54-dc944338e365][tid:73][com.facebook.buck.cli.Main] Awaiting termination of HTTP Write executor service. Waiting for all jobs to complete, or up to maximum of 1800 seconds...
[2018-03-13 13:54:02.117][info ][command:107f14a0-02c7-4d18-9f54-dc944338e365][tid:92][com.facebook.buck.event.listener.LoggingBuildListener] Build finished at 2018-03-13 13:54:02.115
[2018-03-13 13:54:02.117][info ][command:107f14a0-02c7-4d18-9f54-dc944338e365][tid:73][com.facebook.buck.cli.Main] Awaiting termination of CounterAggregatorExecutor executor service. Waiting for all jobs to complete, or up to maximum of 20 seconds...
[2018-03-13 13:54:02.118][debug][command:107f14a0-02c7-4d18-9f54-dc944338e365][tid:87][com.facebook.buck.util.perf.ProcessTracker] shutDown
[2018-03-13 13:54:02.118][debug][command:null][tid:86][com.google.common.util.concurrent.ServiceManager] Service PerfStatsTracking [TERMINATED] has terminated. Previous state was: STOPPING
[2018-03-13 13:54:02.118][debug][command:107f14a0-02c7-4d18-9f54-dc944338e365][tid:73][com.facebook.buck.event.listener.SuperConsoleEventBusListener] Stopping render scheduler
[2018-03-13 13:54:02.119][debug][command:107f14a0-02c7-4d18-9f54-dc944338e365][tid:73][com.facebook.buck.event.listener.SuperConsoleEventBusListener] Stopping render scheduler
[2018-03-13 13:54:02.119][debug][command:107f14a0-02c7-4d18-9f54-dc944338e365][tid:73][com.facebook.buck.event.listener.SuperConsoleEventBusListener] Stopping console output (stdout dirty false, stderr dirty true).
[2018-03-13 13:54:02.119][info ][command:107f14a0-02c7-4d18-9f54-dc944338e365][tid:73][com.facebook.buck.cli.Main] Awaiting termination of NETWORK executor service. Waiting for all jobs to complete, or up to maximum of 60 seconds...
[2018-03-13 13:54:02.119][info ][command:107f14a0-02c7-4d18-9f54-dc944338e365][tid:73][com.facebook.buck.cli.Main] Awaiting termination of CPU executor service. Waiting for all jobs to complete, or up to maximum of 60 seconds...
[2018-03-13 13:54:02.120][info ][command:107f14a0-02c7-4d18-9f54-dc944338e365][tid:73][com.facebook.buck.cli.Main] Awaiting termination of PROJECT executor service. Waiting for all jobs to complete, or up to maximum of 60 seconds...
[2018-03-13 13:54:02.120][info ][command:107f14a0-02c7-4d18-9f54-dc944338e365][tid:73][com.facebook.buck.cli.Main] Awaiting termination of ScheduledExecutorService executor service. Waiting for all jobs to complete, or up to maximum of 60 seconds...
[2018-03-13 13:54:02.120][info ][command:107f14a0-02c7-4d18-9f54-dc944338e365][tid:73][com.facebook.buck.cli.Main] Awaiting termination of Disk IO executor service. Waiting for all jobs to complete, or up to maximum of 10 seconds...
[2018-03-13 13:54:02.120][warn ][command:null][tid:77][com.martiansoftware.nailgun.NGInputStream] Nailgun client read future was interrupted
java.lang.InterruptedException
	at java.util.concurrent.FutureTask.awaitDone(FutureTask.java:404)
	at java.util.concurrent.FutureTask.get(FutureTask.java:204)
	at com.martiansoftware.nailgun.NGInputStream$1.run(NGInputStream.java:91)
	at java.util.concurrent.Executors$RunnableAdapter.call(Executors.java:511)
	at java.util.concurrent.FutureTask.run(FutureTask.java:266)
	at java.util.concurrent.ThreadPoolExecutor.runWorker(ThreadPoolExecutor.java:1149)
	at java.util.concurrent.ThreadPoolExecutor$Worker.run(ThreadPoolExecutor.java:624)
	at java.lang.Thread.run(Thread.java:748)

[2018-03-13 13:54:02.121][debug][command:null][tid:77][com.martiansoftware.nailgun.NGInputStream] Nailgun client read shutting down
[2018-03-13 13:54:02.123][debug][command:107f14a0-02c7-4d18-9f54-dc944338e365][tid:87][com.google.common.util.concurrent.ServiceManager] Service ProcessTracker [TERMINATED] has terminated. Previous state was: STOPPING
[2018-03-13 13:54:02.139][debug][command:null][tid:91][com.facebook.buck.util.ListeningProcessExecutor] Wait for process returned 4
[2018-03-13 13:54:02.139][debug][command:null][tid:91][com.facebook.buck.util.ListeningProcessExecutor] Destroying process com.facebook.buck.util.ListeningProcessExecutor$LaunchedProcessImpl@18dbafde (force true)
[2018-03-13 13:54:02.139][debug][command:null][tid:91][com.facebook.buck.util.environment.MacNetworkConfiguration] Determine active state of media for device
[2018-03-13 13:54:02.140][debug][command:null][tid:91][com.facebook.buck.util.ListeningProcessExecutor] Launching process with params ProcessExecutorParams{command=[networksetup, -getMedia, en5]}
[2018-03-13 13:54:02.141][debug][command:null][tid:91][com.facebook.buck.util.ListeningProcessExecutor] Successfully launched process com.zaxxer.nuprocess.osx.OsxProcess@184364af
[2018-03-13 13:54:02.141][debug][command:null][tid:91][com.facebook.buck.util.ListeningProcessExecutor] Waiting for process com.facebook.buck.util.ListeningProcessExecutor$LaunchedProcessImpl@60529f47 timeout 1000 MILLISECONDS
[2018-03-13 13:54:02.175][debug][command:null][tid:91][com.facebook.buck.util.ListeningProcessExecutor] Wait for process returned 4
[2018-03-13 13:54:02.175][debug][command:null][tid:91][com.facebook.buck.util.ListeningProcessExecutor] Destroying process com.facebook.buck.util.ListeningProcessExecutor$LaunchedProcessImpl@60529f47 (force true)
[2018-03-13 13:54:02.175][debug][command:null][tid:91][com.facebook.buck.util.environment.MacNetworkConfiguration] Determine active state of media for device
[2018-03-13 13:54:02.176][debug][command:null][tid:91][com.facebook.buck.util.ListeningProcessExecutor] Launching process with params ProcessExecutorParams{command=[networksetup, -getMedia, en0]}
[2018-03-13 13:54:02.177][debug][command:null][tid:91][com.facebook.buck.util.ListeningProcessExecutor] Successfully launched process com.zaxxer.nuprocess.osx.OsxProcess@490ff5ce
[2018-03-13 13:54:02.177][debug][command:null][tid:91][com.facebook.buck.util.ListeningProcessExecutor] Waiting for process com.facebook.buck.util.ListeningProcessExecutor$LaunchedProcessImpl@c6f166e timeout 1000 MILLISECONDS
[2018-03-13 13:54:02.212][debug][command:null][tid:91][com.facebook.buck.util.ListeningProcessExecutor] Wait for process returned 0
[2018-03-13 13:54:02.212][debug][command:null][tid:91][com.facebook.buck.util.ListeningProcessExecutor] Destroying process com.facebook.buck.util.ListeningProcessExecutor$LaunchedProcessImpl@c6f166e (force true)
[2018-03-13 13:54:02.212][debug][command:null][tid:91][com.facebook.buck.util.environment.MacNetworkConfiguration] Determine WiFi SSID of device
[2018-03-13 13:54:02.213][debug][command:null][tid:91][com.facebook.buck.util.ListeningProcessExecutor] Launching process with params ProcessExecutorParams{command=[networksetup, -getairportnetwork, en0]}
[2018-03-13 13:54:02.214][debug][command:null][tid:91][com.facebook.buck.util.ListeningProcessExecutor] Successfully launched process com.zaxxer.nuprocess.osx.OsxProcess@f8a6d50
[2018-03-13 13:54:02.214][debug][command:null][tid:91][com.facebook.buck.util.ListeningProcessExecutor] Waiting for process com.facebook.buck.util.ListeningProcessExecutor$LaunchedProcessImpl@7b567341 timeout 1000 MILLISECONDS
[2018-03-13 13:54:02.251][debug][command:null][tid:91][com.facebook.buck.util.ListeningProcessExecutor] Wait for process returned 0
[2018-03-13 13:54:02.252][debug][command:null][tid:91][com.facebook.buck.util.ListeningProcessExecutor] Destroying process com.facebook.buck.util.ListeningProcessExecutor$LaunchedProcessImpl@7b567341 (force true)
[2018-03-13 13:54:02.252][info ][command:null][tid:91][com.facebook.buck.util.versioncontrol.VersionControlStatsGenerator] Starting generation of version control stats.
[2018-03-13 13:54:02.252][warn ][command:null][tid:91][com.facebook.buck.util.versioncontrol.VersionControlStatsGenerator] Skipping generation of version control stats as unsupported repository type.
[2018-03-13 13:54:02.253][debug][command:107f14a0-02c7-4d18-9f54-dc944338e365][tid:73][com.facebook.buck.event.listener.SuperConsoleEventBusListener] Stopping render scheduler
[2018-03-13 13:54:02.253][debug][command:107f14a0-02c7-4d18-9f54-dc944338e365][tid:73][com.facebook.buck.event.listener.SuperConsoleEventBusListener] Stopping render scheduler
[2018-03-13 13:54:02.253][debug][command:107f14a0-02c7-4d18-9f54-dc944338e365][tid:73][com.facebook.buck.event.listener.SuperConsoleEventBusListener] Stopping console output (stdout dirty false, stderr dirty true).
[2018-03-13 13:54:02.253][debug][command:107f14a0-02c7-4d18-9f54-dc944338e365][tid:73][com.facebook.buck.event.listener.ChromeTraceBuildListener] Writing Chrome trace to buck-out/log/2018-03-13_12h54m02s_buildcommand_107f14a0-02c7-4d18-9f54-dc944338e365/build.2018-03-13.13-54-02.107f14a0-02c7-4d18-9f54-dc944338e365.trace
[2018-03-13 13:54:02.263][debug][command:107f14a0-02c7-4d18-9f54-dc944338e365][tid:73][com.facebook.buck.io.WatchmanTransportClient] Closing Watchman transport.
[2018-03-13 13:54:02.265][debug][command:null][tid:73][com.facebook.buck.cli.Main] Done.
[2018-03-13 13:54:02.265][info ][command:null][tid:73][com.martiansoftware.nailgun.NGSession] Server cleanly exited with status 1
com.martiansoftware.nailgun.NGExitException: ExitException: status 1
	at com.martiansoftware.nailgun.NGSecurityManager.checkExit(NGSecurityManager.java:56)
	at java.lang.Runtime.exit(Runtime.java:107)
	at java.lang.System.exit(System.java:971)
	at com.facebook.buck.cli.Main.runMainThenExit(Main.java:432)
	at com.facebook.buck.cli.Main.nailMain(Main.java:1855)
	at sun.reflect.NativeMethodAccessorImpl.invoke0(Native Method)
	at sun.reflect.NativeMethodAccessorImpl.invoke(NativeMethodAccessorImpl.java:62)
	at sun.reflect.DelegatingMethodAccessorImpl.invoke(DelegatingMethodAccessorImpl.java:43)
	at java.lang.reflect.Method.invoke(Method.java:498)
	at com.martiansoftware.nailgun.NGSession.run(NGSession.java:329)

[2018-03-13 13:54:02.266][debug][command:null][tid:73][com.martiansoftware.nailgun.NGSession] Tearing down client socket
[2018-03-13 13:54:02.266][debug][command:null][tid:73][com.martiansoftware.nailgun.NGSession] Flushing client socket
[2018-03-13 13:54:02.266][debug][command:null][tid:73][com.martiansoftware.nailgun.NGSession] Error shutting down socket I/O (this is expected if the client disconnected already)
java.io.IOException: com.sun.jna.LastErrorException: [57] Socket is not connected
	at com.martiansoftware.nailgun.NGUnixDomainSocket.doShutdown(NGUnixDomainSocket.java:74)
	at com.martiansoftware.nailgun.NGUnixDomainSocket.shutdownInput(NGUnixDomainSocket.java:60)
	at com.martiansoftware.nailgun.NGSession.run(NGSession.java:375)
Caused by: com.sun.jna.LastErrorException: [57] Socket is not connected
	at com.martiansoftware.nailgun.NGUnixDomainSocketLibrary.shutdown(Native Method)
	at com.martiansoftware.nailgun.NGUnixDomainSocket.doShutdown(NGUnixDomainSocket.java:71)
	... 2 more

[2018-03-13 13:54:02.266][debug][command:null][tid:73][com.martiansoftware.nailgun.NGSession] Closing client socket
[2018-03-13 13:54:02.266][debug][command:null][tid:73][com.martiansoftware.nailgun.NGSession] Finished tearing down client socket
[2018-03-13 13:54:02.266][debug][command:null][tid:73][com.martiansoftware.nailgun.NGSession] Waiting for next client to connect
[2018-03-13 13:54:02.267][info ][command:null][tid:73][com.martiansoftware.nailgun.NGSession] NGSession shutting down
[2018-03-13 14:03:40.739][info ][command:null][tid:12][com.facebook.buck.cli.Main] No recent activity, dumping thread stacks (`tr , '\n'` to decode): Thread [CounterAggregatorThread-1],stack:[sun.misc.Unsafe.park(Native Method), java.util.concurrent.locks.LockSupport.park(LockSupport.java:175), java.util.concurrent.locks.AbstractQueuedSynchronizer$ConditionObject.await(AbstractQueuedSynchronizer.java:2039), java.util.concurrent.ScheduledThreadPoolExecutor$DelayedWorkQueue.take(ScheduledThreadPoolExecutor.java:1081), java.util.concurrent.ScheduledThreadPoolExecutor$DelayedWorkQueue.take(ScheduledThreadPoolExecutor.java:809), java.util.concurrent.ThreadPoolExecutor.getTask(ThreadPoolExecutor.java:1074), java.util.concurrent.ThreadPoolExecutor.runWorker(ThreadPoolExecutor.java:1134), java.util.concurrent.ThreadPoolExecutor$Worker.run(ThreadPoolExecutor.java:624), java.lang.Thread.run(Thread.java:748)],Thread [AsynchronousDirectoryContentsCleaner],stack:[sun.misc.Unsafe.park(Native Method), java.util.concurrent.locks.LockSupport.park(LockSupport.java:175), java.util.concurrent.locks.AbstractQueuedSynchronizer$ConditionObject.await(AbstractQueuedSynchronizer.java:2039), java.util.concurrent.LinkedBlockingQueue.take(LinkedBlockingQueue.java:442), java.util.concurrent.ThreadPoolExecutor.getTask(ThreadPoolExecutor.java:1074), java.util.concurrent.ThreadPoolExecutor.runWorker(ThreadPoolExecutor.java:1134), java.util.concurrent.ThreadPoolExecutor$Worker.run(ThreadPoolExecutor.java:624), java.lang.Thread.run(Thread.java:748)],Thread [main],stack:[com.martiansoftware.nailgun.NGUnixDomainSocketLibrary.accept(Native Method), com.martiansoftware.nailgun.NGUnixDomainServerSocket.accept(NGUnixDomainServerSocket.java:157), com.martiansoftware.nailgun.NGServer.run(NGServer.java:425), com.facebook.buck.cli.Main$DaemonBootstrap.main(Main.java:1762), sun.reflect.NativeMethodAccessorImpl.invoke0(Native Method), sun.reflect.NativeMethodAccessorImpl.invoke(NativeMethodAccessorImpl.java:62), sun.reflect.DelegatingMethodAccessorImpl.invoke(DelegatingMethodAccessorImpl.java:43), java.lang.reflect.Method.invoke(Method.java:498), com.facebook.buck.cli.bootstrapper.ClassLoaderBootstrapper.main(ClassLoaderBootstrapper.java:55)],Thread [NGSession 9: (idle)],stack:[java.lang.Object.wait(Native Method), java.lang.Object.wait(Object.java:502), com.martiansoftware.nailgun.NGSession.nextSocket(NGSession.java:163), com.martiansoftware.nailgun.NGSession.run(NGSession.java:183)],Thread [Reference Handler],stack:[java.lang.Object.wait(Native Method), java.lang.Object.wait(Object.java:502), java.lang.ref.Reference.tryHandlePending(Reference.java:191), java.lang.ref.Reference$ReferenceHandler.run(Reference.java:153)],Thread [pool-1-thread-1],stack:[sun.misc.Unsafe.park(Native Method), java.util.concurrent.locks.LockSupport.parkNanos(LockSupport.java:215), java.util.concurrent.locks.AbstractQueuedSynchronizer$ConditionObject.awaitNanos(AbstractQueuedSynchronizer.java:2078), java.util.concurrent.ScheduledThreadPoolExecutor$DelayedWorkQueue.take(ScheduledThreadPoolExecutor.java:1093), java.util.concurrent.ScheduledThreadPoolExecutor$DelayedWorkQueue.take(ScheduledThreadPoolExecutor.java:809), java.util.concurrent.ThreadPoolExecutor.getTask(ThreadPoolExecutor.java:1074), java.util.concurrent.ThreadPoolExecutor.runWorker(ThreadPoolExecutor.java:1134), java.util.concurrent.ThreadPoolExecutor$Worker.run(ThreadPoolExecutor.java:624), java.lang.Thread.run(Thread.java:748)],Thread [Attach Listener],stack:[],Thread [NonReentrantSystemExit],stack:[sun.misc.Unsafe.park(Native Method), java.util.concurrent.locks.LockSupport.park(LockSupport.java:175), java.util.concurrent.locks.AbstractQueuedSynchronizer.parkAndCheckInterrupt(AbstractQueuedSynchronizer.java:836), java.util.concurrent.locks.AbstractQueuedSynchronizer.doAcquireSharedInterruptibly(AbstractQueuedSynchronizer.java:997), java.util.concurrent.locks.AbstractQueuedSynchronizer.acquireSharedInterruptibly(AbstractQueuedSynchronizer.java:1304), java.util.concurrent.CountDownLatch.await(CountDownLatch.java:231), com.facebook.buck.util.shutdown.NonReentrantSystemExit$1.run(NonReentrantSystemExit.java:44)],Thread [Finalizer],stack:[java.lang.Object.wait(Native Method), java.lang.ref.ReferenceQueue.remove(ReferenceQueue.java:143), java.lang.ref.ReferenceQueue.remove(ReferenceQueue.java:164), java.lang.ref.Finalizer$FinalizerThread.run(Finalizer.java:209)],
